<?xml version="1.0" encoding="UTF-8"?>
<testng-results total="2" passed="2" failed="0" skipped="0">
  <reporter-output>
  </reporter-output>
  <suite started-at="2022-09-28T07:17:37Z" name="Suite" finished-at="2022-09-28T07:18:37Z" duration-ms="60030">
    <groups>
    </groups>
    <test started-at="2022-09-28T07:17:37Z" name="Test" finished-at="2022-09-28T07:18:37Z" duration-ms="60030">
      <class name="Testcases.TC002">
        <test-method signature="TC002()[pri:0, instance:Testcases.TC002@3697186]" started-at="2022-09-28T12:47:51Z" name="TC002" finished-at="2022-09-28T12:48:37Z" duration-ms="46084" status="PASS">
          <reporter-output>
          </reporter-output>
        </test-method> <!-- TC002 -->
      </class> <!-- Testcases.TC002 -->
      <class name="Testcases.TC001">
        <test-method signature="TC001()[pri:0, instance:Testcases.TC001@d771cc9]" started-at="2022-09-28T12:47:37Z" name="TC001" finished-at="2022-09-28T12:47:51Z" duration-ms="13922" status="PASS">
          <reporter-output>
          </reporter-output>
        </test-method> <!-- TC001 -->
      </class> <!-- Testcases.TC001 -->
    </test> <!-- Test -->
  </suite> <!-- Suite -->
</testng-results>
